<?xml version="1.0" encoding="UTF-8"?>
<testsuite xmlns:xsi="http://www.w3.org/2001/XMLSchema-instance" xsi:noNamespaceSchemaLocation="https://maven.apache.org/surefire/maven-surefire-plugin/xsd/surefire-test-report-3.0.xsd" version="3.0" name="com.example.jmstest.integration.MessageListenerIntegrationTest" time="2.097" tests="1" errors="0" skipped="0" failures="0">
  <properties>
[...]
</properties>
  <testcase name="testReceiveMessage" classname="com.example.jmstest.integration.MessageListenerIntegrationTest" time="0.045">
    <system-out><![CDATA[16:19:13.848 [main] DEBUG org.springframework.test.context.BootstrapUtils - Instantiating CacheAwareContextLoaderDelegate from class [org.springframework.test.context.cache.DefaultCacheAwareContextLoaderDelegate]
16:19:13.856 [main] DEBUG org.springframework.test.context.BootstrapUtils - Instantiating BootstrapContext using constructor [public org.springframework.test.context.support.DefaultBootstrapContext(java.lang.Class,org.springframework.test.context.CacheAwareContextLoaderDelegate)]
16:19:13.890 [main] DEBUG org.springframework.test.context.BootstrapUtils - Instantiating TestContextBootstrapper for test class [com.example.jmstest.integration.MessageListenerIntegrationTest] from class [org.springframework.boot.test.context.SpringBootTestContextBootstrapper]
16:19:13.901 [main] INFO org.springframework.boot.test.context.SpringBootTestContextBootstrapper - Neither @ContextConfiguration nor @ContextHierarchy found for test class [com.example.jmstest.integration.MessageListenerIntegrationTest], using SpringBootContextLoader
16:19:13.903 [main] DEBUG org.springframework.test.context.support.AbstractContextLoader - Did not detect default resource location for test class [com.example.jmstest.integration.MessageListenerIntegrationTest]: class path resource [com/example/jmstest/integration/MessageListenerIntegrationTest-context.xml] does not exist
16:19:13.903 [main] DEBUG org.springframework.test.context.support.AbstractContextLoader - Did not detect default resource location for test class [com.example.jmstest.integration.MessageListenerIntegrationTest]: class path resource [com/example/jmstest/integration/MessageListenerIntegrationTestContext.groovy] does not exist
16:19:13.903 [main] INFO org.springframework.test.context.support.AbstractContextLoader - Could not detect default resource locations for test class [com.example.jmstest.integration.MessageListenerIntegrationTest]: no resource found for suffixes {-context.xml, Context.groovy}.
16:19:13.944 [main] DEBUG org.springframework.test.context.support.ActiveProfilesUtils - Could not find an 'annotation declaring class' for annotation type [org.springframework.test.context.ActiveProfiles] and class [com.example.jmstest.integration.MessageListenerIntegrationTest]
16:19:14.042 [main] DEBUG org.springframework.boot.test.context.SpringBootTestContextBootstrapper - @TestExecutionListeners is not present for class [com.example.jmstest.integration.MessageListenerIntegrationTest]: using defaults.
16:19:14.042 [main] INFO org.springframework.boot.test.context.SpringBootTestContextBootstrapper - Loaded default TestExecutionListener class names from location [META-INF/spring.factories]: [org.springframework.boot.test.mock.mockito.MockitoTestExecutionListener, org.springframework.boot.test.mock.mockito.ResetMocksTestExecutionListener, org.springframework.boot.test.autoconfigure.restdocs.RestDocsTestExecutionListener, org.springframework.boot.test.autoconfigure.web.client.MockRestServiceServerResetTestExecutionListener, org.springframework.boot.test.autoconfigure.web.servlet.MockMvcPrintOnlyOnFailureTestExecutionListener, org.springframework.boot.test.autoconfigure.web.servlet.WebDriverTestExecutionListener, org.springframework.boot.test.autoconfigure.webservices.client.MockWebServiceServerTestExecutionListener, org.springframework.test.context.web.ServletTestExecutionListener, org.springframework.test.context.support.DirtiesContextBeforeModesTestExecutionListener, org.springframework.test.context.event.ApplicationEventsTestExecutionListener, org.springframework.test.context.support.DependencyInjectionTestExecutionListener, org.springframework.test.context.support.DirtiesContextTestExecutionListener, org.springframework.test.context.transaction.TransactionalTestExecutionListener, org.springframework.test.context.jdbc.SqlScriptsTestExecutionListener, org.springframework.test.context.event.EventPublishingTestExecutionListener]
16:19:14.049 [main] DEBUG org.springframework.boot.test.context.SpringBootTestContextBootstrapper - Skipping candidate TestExecutionListener [org.springframework.test.context.web.ServletTestExecutionListener] due to a missing dependency. Specify custom listener classes or make the default listener classes and their required dependencies available. Offending class: [javax/servlet/ServletContext]
16:19:14.056 [main] INFO org.springframework.boot.test.context.SpringBootTestContextBootstrapper - Using TestExecutionListeners: [org.springframework.test.context.support.DirtiesContextBeforeModesTestExecutionListener@a87f8ec, org.springframework.test.context.event.ApplicationEventsTestExecutionListener@5443d039, org.springframework.boot.test.mock.mockito.MockitoTestExecutionListener@63787180, org.springframework.boot.test.autoconfigure.SpringBootDependencyInjectionTestExecutionListener@7d1cfb8b, org.springframework.test.context.support.DirtiesContextTestExecutionListener@48e92c5c, org.springframework.test.context.transaction.TransactionalTestExecutionListener@2e1ef60, org.springframework.test.context.jdbc.SqlScriptsTestExecutionListener@22356acd, org.springframework.test.context.event.EventPublishingTestExecutionListener@386f0da3, org.springframework.boot.test.mock.mockito.ResetMocksTestExecutionListener@39655d3e, org.springframework.boot.test.autoconfigure.restdocs.RestDocsTestExecutionListener@34f22f9d, org.springframework.boot.test.autoconfigure.web.client.MockRestServiceServerResetTestExecutionListener@3d1848cc, org.springframework.boot.test.autoconfigure.web.servlet.MockMvcPrintOnlyOnFailureTestExecutionListener@7dda48d9, org.springframework.boot.test.autoconfigure.web.servlet.WebDriverTestExecutionListener@6e4566f1, org.springframework.boot.test.autoconfigure.webservices.client.MockWebServiceServerTestExecutionListener@4b6e2263]
16:19:14.059 [main] DEBUG org.springframework.test.context.support.AbstractDirtiesContextTestExecutionListener - Before test class: context [DefaultTestContext@388526fb testClass = MessageListenerIntegrationTest, testInstance = [null], testMethod = [null], testException = [null], mergedContextConfiguration = [MergedContextConfiguration@21a21c64 testClass = MessageListenerIntegrationTest, locations = '{}', classes = '{class com.example.jmstest.JmsTestApplication}', contextInitializerClasses = '[]', activeProfiles = '{}', propertySourceLocations = '{}', propertySourceProperties = '{org.springframework.boot.test.context.SpringBootTestContextBootstrapper=true}', contextCustomizers = set[org.springframework.boot.test.context.filter.ExcludeFilterContextCustomizer@673fdbce, org.springframework.boot.test.json.DuplicateJsonObjectContextCustomizerFactory$DuplicateJsonObjectContextCustomizer@6cb107fd, org.springframework.boot.test.mock.mockito.MockitoContextCustomizer@6f412361, org.springframework.boot.test.web.client.TestRestTemplateContextCustomizer@4d14b6c2, org.springframework.boot.test.autoconfigure.actuate.metrics.MetricsExportContextCustomizerFactory$DisableMetricExportContextCustomizer@1a4927d6, org.springframework.boot.test.autoconfigure.properties.PropertyMappingContextCustomizer@0, org.springframework.boot.test.autoconfigure.web.servlet.WebDriverContextCustomizerFactory$Customizer@475c9c31, org.springframework.boot.test.context.SpringBootTestArgs@1, org.springframework.boot.test.context.SpringBootTestWebEnvironment@3d3fcdb0], contextLoader = 'org.springframework.boot.test.context.SpringBootContextLoader', parent = [null]], attributes = map[[empty]]], class annotated with @DirtiesContext [false] with mode [null].

  .   ____          _            __ _ _
 /\\ / ___'_ __ _ _(_)_ __  __ _ \ \ \ \
( ( )\___ | '_ | '_| | '_ \/ _` | \ \ \ \
 \\/  ___)| |_)| | | | | || (_| |  ) ) ) )
  '  |____| .__|_| |_|_| |_\__, | / / / /
 =========|_|==============|___/=/_/_/_/
 :: Spring Boot ::               (v2.7.15)

2025-02-11 16:19:14.728  INFO 11912 --- [           main] c.e.j.i.MessageListenerIntegrationTest   : Starting MessageListenerIntegrationTest using Java 17 on EN411844 with PID 11912 (started by imelnic in C:\HouseKeeping\Testing\Frameworks\java_automation\com.example)
2025-02-11 16:19:14.728  INFO 11912 --- [           main] c.e.j.i.MessageListenerIntegrationTest   : No active profile set, falling back to 1 default profile: "default"
2025-02-11 16:19:15.832  INFO 11912 --- [           main] c.e.j.i.MessageListenerIntegrationTest   : Started MessageListenerIntegrationTest in 1.393 seconds (JVM running for 2.582)
]]></system-out>
  </testcase>
</testsuite>